0 info it worked if it ends with ok
1 verbose cli [ '/home/likewise-open/FRAMGIA/sreang.rathanak/.nvm/versions/node/v6.6.0/bin/node',
1 verbose cli   '/home/likewise-open/FRAMGIA/sreang.rathanak/.nvm/versions/node/v6.6.0/bin/npm',
1 verbose cli   'start' ]
2 info using npm@3.10.3
3 info using node@v6.6.0
4 verbose run-script [ 'prestart', 'start', 'poststart' ]
5 info lifecycle music-play-list@1.0.0~prestart: music-play-list@1.0.0
6 verbose lifecycle music-play-list@1.0.0~prestart: unsafe-perm in lifecycle true
7 verbose lifecycle music-play-list@1.0.0~prestart: PATH: /home/likewise-open/FRAMGIA/sreang.rathanak/.nvm/versions/node/v6.6.0/lib/node_modules/npm/bin/node-gyp-bin:/home/likewise-open/FRAMGIA/sreang.rathanak/MyRubyonRail/MyProject/MusicPlayLiast/node_modules/.bin:/home/likewise-open/FRAMGIA/sreang.rathanak/.nvm/versions/node/v6.6.0/bin:/home/likewise-open/FRAMGIA/sreang.rathanak/.nvm/versions/node/v6.6.0/bin:/home/likewise-open/FRAMGIA/sreang.rathanak/.rvm/gems/ruby-2.2.2/bin:/home/likewise-open/FRAMGIA/sreang.rathanak/.rvm/gems/ruby-2.2.2@global/bin:/home/likewise-open/FRAMGIA/sreang.rathanak/.rvm/rubies/ruby-2.2.2/bin:/usr/local/sbin:/usr/local/bin:/usr/sbin:/usr/bin:/sbin:/bin:/usr/games:/usr/local/games:/usr/lib/jvm/java-8-oracle/bin:/usr/lib/jvm/java-8-oracle/db/bin:/usr/lib/jvm/java-8-oracle/jre/bin:/home/likewise-open/FRAMGIA/sreang.rathanak/.rvm/bin:/home/likewise-open/FRAMGIA/sreang.rathanak/Desktop/gradle-2.14/bin:/home/likewise-open/FRAMGIA/sreang.rathanak/.rvm/bin:/home/likewise-open/FRAMGIA/sreang.rathanak/.rvm/bin:/home/likewise-open/FRAMGIA/sreang.rathanak/.rvm/bin:/home/likewise-open/FRAMGIA/sreang.rathanak/.rvm/bin:/home/likewise-open/FRAMGIA/sreang.rathanak/.rvm/bin:/home/likewise-open/FRAMGIA/sreang.rathanak/.rvm/bin:/home/likewise-open/FRAMGIA/sreang.rathanak/.rvm/bin:/home/likewise-open/FRAMGIA/sreang.rathanak/.rvm/bin
8 verbose lifecycle music-play-list@1.0.0~prestart: CWD: /home/likewise-open/FRAMGIA/sreang.rathanak/MyRubyonRail/MyProject/MusicPlayLiast
9 silly lifecycle music-play-list@1.0.0~prestart: Args: [ '-c', 'webpack' ]
10 silly lifecycle music-play-list@1.0.0~prestart: Returned: code: 2  signal: null
11 info lifecycle music-play-list@1.0.0~prestart: Failed to exec prestart script
12 verbose stack Error: music-play-list@1.0.0 prestart: `webpack`
12 verbose stack Exit status 2
12 verbose stack     at EventEmitter.<anonymous> (/home/likewise-open/FRAMGIA/sreang.rathanak/.nvm/versions/node/v6.6.0/lib/node_modules/npm/lib/utils/lifecycle.js:242:16)
12 verbose stack     at emitTwo (events.js:106:13)
12 verbose stack     at EventEmitter.emit (events.js:191:7)
12 verbose stack     at ChildProcess.<anonymous> (/home/likewise-open/FRAMGIA/sreang.rathanak/.nvm/versions/node/v6.6.0/lib/node_modules/npm/lib/utils/spawn.js:40:14)
12 verbose stack     at emitTwo (events.js:106:13)
12 verbose stack     at ChildProcess.emit (events.js:191:7)
12 verbose stack     at maybeClose (internal/child_process.js:877:16)
12 verbose stack     at Process.ChildProcess._handle.onexit (internal/child_process.js:226:5)
13 verbose pkgid music-play-list@1.0.0
14 verbose cwd /home/likewise-open/FRAMGIA/sreang.rathanak/MyRubyonRail/MyProject/MusicPlayLiast
15 error Linux 3.13.0-24-generic
16 error argv "/home/likewise-open/FRAMGIA/sreang.rathanak/.nvm/versions/node/v6.6.0/bin/node" "/home/likewise-open/FRAMGIA/sreang.rathanak/.nvm/versions/node/v6.6.0/bin/npm" "start"
17 error node v6.6.0
18 error npm  v3.10.3
19 error code ELIFECYCLE
20 error music-play-list@1.0.0 prestart: `webpack`
20 error Exit status 2
21 error Failed at the music-play-list@1.0.0 prestart script 'webpack'.
21 error Make sure you have the latest version of node.js and npm installed.
21 error If you do, this is most likely a problem with the music-play-list package,
21 error not with npm itself.
21 error Tell the author that this fails on your system:
21 error     webpack
21 error You can get information on how to open an issue for this project with:
21 error     npm bugs music-play-list
21 error Or if that isn't available, you can get their info via:
21 error     npm owner ls music-play-list
21 error There is likely additional logging output above.
22 verbose exit [ 1, true ]
